# JRE version: OpenJDK Runtime Environment Microsoft-8035246 (17.0.8+7) (build 17.0.8+7-LTS)
# Java VM: OpenJDK 64-Bit Server VM Microsoft-8035246 (17.0.8+7-LTS, mixed mode, sharing, tiered, compressed oops, compressed class ptrs, g1 gc, windows-amd64)
GC Precious Log:
 CPUs: 8 total, 8 available
 Memory: 32466M
 Large Page Support: Disabled
 NUMA Support: Disabled
 Compressed Oops: Enabled (32-bit)
 Heap Region Size: 1M
 Heap Min Capacity: 8M
 Heap Initial Capacity: 508M
 Heap Max Capacity: 2G
 Pre-touch: Disabled
 Parallel Workers: 8
 Concurrent Workers: 2
 Concurrent Refinement Workers: 8
 Periodic GC: Disabled
Heap:
 garbage-first heap   total 352256K, used 295210K [0x0000000080000000, 0x0000000100000000)
  region size 1024K, 113 young (115712K), 7 survivors (7168K)
 Metaspace       used 109915K, committed 110976K, reserved 557056K
  class space    used 15137K, committed 15616K, reserved 425984K
GC Heap History (20 events):
Event: 41.634 GC heap before
{Heap before GC invocations=27 (full 0):
 garbage-first heap   total 178176K, used 141115K [0x0000000080000000, 0x0000000100000000)
  region size 1024K, 51 young (52224K), 3 survivors (3072K)
 Metaspace       used 85129K, committed 85888K, reserved 557056K
  class space    used 11758K, committed 12096K, reserved 425984K
}
Event: 41.641 GC heap after
{Heap after GC invocations=28 (full 0):
 garbage-first heap   total 178176K, used 95733K [0x0000000080000000, 0x0000000100000000)
  region size 1024K, 6 young (6144K), 6 survivors (6144K)
 Metaspace       used 85129K, committed 85888K, reserved 557056K
  class space    used 11758K, committed 12096K, reserved 425984K
}
Event: 41.647 GC heap before
{Heap before GC invocations=28 (full 0):
 garbage-first heap   total 178176K, used 97781K [0x0000000080000000, 0x0000000100000000)
  region size 1024K, 8 young (8192K), 6 survivors (6144K)
 Metaspace       used 85129K, committed 85888K, reserved 557056K
  class space    used 11758K, committed 12096K, reserved 425984K
}
Event: 41.654 GC heap after
{Heap after GC invocations=29 (full 0):
 garbage-first heap   total 178176K, used 95937K [0x0000000080000000, 0x0000000100000000)
  region size 1024K, 1 young (1024K), 1 survivors (1024K)
 Metaspace       used 85129K, committed 85888K, reserved 557056K
  class space    used 11758K, committed 12096K, reserved 425984K
}
Event: 42.065 GC heap before
{Heap before GC invocations=29 (full 0):
 garbage-first heap   total 178176K, used 144065K [0x0000000080000000, 0x0000000100000000)
  region size 1024K, 48 young (49152K), 1 survivors (1024K)
 Metaspace       used 87942K, committed 88704K, reserved 557056K
  class space    used 12148K, committed 12480K, reserved 425984K
}
Event: 42.069 GC heap after
{Heap after GC invocations=30 (full 0):
 garbage-first heap   total 429056K, used 97973K [0x0000000080000000, 0x0000000100000000)
  region size 1024K, 3 young (3072K), 3 survivors (3072K)
 Metaspace       used 87942K, committed 88704K, reserved 557056K
  class space    used 12148K, committed 12480K, reserved 425984K
}
Event: 44.426 GC heap before
{Heap before GC invocations=31 (full 0):
 garbage-first heap   total 352256K, used 307893K [0x0000000080000000, 0x0000000100000000)
  region size 1024K, 202 young (206848K), 3 survivors (3072K)
 Metaspace       used 95883K, committed 96704K, reserved 557056K
  class space    used 13404K, committed 13760K, reserved 425984K
}
Event: 44.443 GC heap after
{Heap after GC invocations=32 (full 0):
 garbage-first heap   total 352256K, used 131538K [0x0000000080000000, 0x0000000100000000)
  region size 1024K, 26 young (26624K), 26 survivors (26624K)
 Metaspace       used 95883K, committed 96704K, reserved 557056K
  class space    used 13404K, committed 13760K, reserved 425984K
}
Event: 44.459 GC heap before
{Heap before GC invocations=32 (full 0):
 garbage-first heap   total 352256K, used 131538K [0x0000000080000000, 0x0000000100000000)
  region size 1024K, 27 young (27648K), 26 survivors (26624K)
 Metaspace       used 95883K, committed 96704K, reserved 557056K
  class space    used 13404K, committed 13760K, reserved 425984K
}
Event: 44.473 GC heap after
{Heap after GC invocations=33 (full 0):
 garbage-first heap   total 352256K, used 133204K [0x0000000080000000, 0x0000000100000000)
  region size 1024K, 2 young (2048K), 2 survivors (2048K)
 Metaspace       used 95883K, committed 96704K, reserved 557056K
  class space    used 13404K, committed 13760K, reserved 425984K
}
Event: 45.892 GC heap before
{Heap before GC invocations=33 (full 0):
 garbage-first heap   total 352256K, used 258132K [0x0000000080000000, 0x0000000100000000)
  region size 1024K, 125 young (128000K), 2 survivors (2048K)
 Metaspace       used 103512K, committed 104512K, reserved 557056K
  class space    used 14433K, committed 14912K, reserved 425984K
}
Event: 45.904 GC heap after
{Heap after GC invocations=34 (full 0):
 garbage-first heap   total 352256K, used 143074K [0x0000000080000000, 0x0000000100000000)
  region size 1024K, 12 young (12288K), 12 survivors (12288K)
 Metaspace       used 103512K, committed 104512K, reserved 557056K
  class space    used 14433K, committed 14912K, reserved 425984K
}
Event: 47.080 GC heap before
{Heap before GC invocations=34 (full 0):
 garbage-first heap   total 352256K, used 264930K [0x0000000080000000, 0x0000000100000000)
  region size 1024K, 132 young (135168K), 12 survivors (12288K)
 Metaspace       used 105854K, committed 106880K, reserved 557056K
  class space    used 14752K, committed 15232K, reserved 425984K
}
Event: 47.095 GC heap after
{Heap after GC invocations=35 (full 0):
 garbage-first heap   total 352256K, used 153525K [0x0000000080000000, 0x0000000100000000)
  region size 1024K, 11 young (11264K), 11 survivors (11264K)
 Metaspace       used 105854K, committed 106880K, reserved 557056K
  class space    used 14752K, committed 15232K, reserved 425984K
}
Event: 47.835 GC heap before
{Heap before GC invocations=35 (full 0):
 garbage-first heap   total 352256K, used 280501K [0x0000000080000000, 0x0000000100000000)
  region size 1024K, 128 young (131072K), 11 survivors (11264K)
 Metaspace       used 106122K, committed 107136K, reserved 557056K
  class space    used 14760K, committed 15232K, reserved 425984K
}
Event: 47.849 GC heap after
{Heap after GC invocations=36 (full 0):
 garbage-first heap   total 352256K, used 164522K [0x0000000080000000, 0x0000000100000000)
  region size 1024K, 11 young (11264K), 11 survivors (11264K)
 Metaspace       used 106122K, committed 107136K, reserved 557056K
  class space    used 14760K, committed 15232K, reserved 425984K
}
Event: 48.665 GC heap before
{Heap before GC invocations=36 (full 0):
 garbage-first heap   total 352256K, used 298666K [0x0000000080000000, 0x0000000100000000)
  region size 1024K, 123 young (125952K), 11 survivors (11264K)
 Metaspace       used 106459K, committed 107456K, reserved 557056K
  class space    used 14783K, committed 15232K, reserved 425984K
}
Event: 48.680 GC heap after
{Heap after GC invocations=37 (full 0):
 garbage-first heap   total 352256K, used 172886K [0x0000000080000000, 0x0000000100000000)
  region size 1024K, 9 young (9216K), 9 survivors (9216K)
 Metaspace       used 106459K, committed 107456K, reserved 557056K
  class space    used 14783K, committed 15232K, reserved 425984K
}
Event: 49.181 GC heap before
{Heap before GC invocations=37 (full 0):
 garbage-first heap   total 352256K, used 290646K [0x0000000080000000, 0x0000000100000000)
  region size 1024K, 117 young (119808K), 9 survivors (9216K)
 Metaspace       used 106712K, committed 107776K, reserved 557056K
  class space    used 14818K, committed 15296K, reserved 425984K
}
Event: 49.191 GC heap after
{Heap after GC invocations=38 (full 0):
 garbage-first heap   total 352256K, used 179498K [0x0000000080000000, 0x0000000100000000)
  region size 1024K, 7 young (7168K), 7 survivors (7168K)
 Metaspace       used 106712K, committed 107776K, reserved 557056K
  class space    used 14818K, committed 15296K, reserved 425984K
}

